  aStarPathFinding.cpp
D:\Development\Visual Studio Projects\C++\Self-Solving Maze\aStarPathFinding.cpp(60,14): warning C4267: 'initializing': conversion from 'size_t' to 'int', possible loss of data
D:\Development\Visual Studio Projects\C++\Self-Solving Maze\aStarPathFinding.cpp(71,36): warning C4838: conversion from 'int' to 'uint16_t' requires a narrowing conversion
D:\Development\Visual Studio Projects\C++\Self-Solving Maze\aStarPathFinding.cpp(71,36): warning C4305: 'initializing': truncation from 'int' to 'uint16_t'
D:\Development\Visual Studio Projects\C++\Self-Solving Maze\aStarPathFinding.cpp(71,36): warning C4309: 'initializing': truncation of constant value
D:\Development\Visual Studio Projects\C++\Self-Solving Maze\aStarPathFinding.cpp(71,45): warning C4838: conversion from 'int' to 'uint16_t' requires a narrowing conversion
D:\Development\Visual Studio Projects\C++\Self-Solving Maze\aStarPathFinding.cpp(71,45): warning C4305: 'initializing': truncation from 'int' to 'uint16_t'
D:\Development\Visual Studio Projects\C++\Self-Solving Maze\aStarPathFinding.cpp(71,45): warning C4309: 'initializing': truncation of constant value
D:\Development\Visual Studio Projects\C++\Self-Solving Maze\aStarPathFinding.cpp(71,54): warning C4838: conversion from 'int' to 'uint16_t' requires a narrowing conversion
D:\Development\Visual Studio Projects\C++\Self-Solving Maze\aStarPathFinding.cpp(71,54): warning C4305: 'initializing': truncation from 'int' to 'uint16_t'
D:\Development\Visual Studio Projects\C++\Self-Solving Maze\aStarPathFinding.cpp(71,54): warning C4309: 'initializing': truncation of constant value
D:\Development\Visual Studio Projects\C++\Self-Solving Maze\aStarPathFinding.cpp(71,63): warning C4838: conversion from 'int' to 'uint16_t' requires a narrowing conversion
D:\Development\Visual Studio Projects\C++\Self-Solving Maze\aStarPathFinding.cpp(71,63): warning C4305: 'initializing': truncation from 'int' to 'uint16_t'
D:\Development\Visual Studio Projects\C++\Self-Solving Maze\aStarPathFinding.cpp(71,63): warning C4309: 'initializing': truncation of constant value
D:\Development\Visual Studio Projects\C++\Self-Solving Maze\aStarPathFinding.cpp(87,26): warning C4244: 'initializing': conversion from '__int64' to 'int', possible loss of data
D:\Development\Visual Studio Projects\C++\Self-Solving Maze\aStarPathFinding.cpp(112,21): warning C4267: 'initializing': conversion from 'size_t' to 'int', possible loss of data
D:\Development\Visual Studio Projects\C++\Self-Solving Maze\aStarPathFinding.cpp(127,30): warning C4244: 'initializing': conversion from '__int64' to 'uint8_t', possible loss of data
D:\Development\Visual Studio Projects\C++\Self-Solving Maze\aStarPathFinding.cpp(139,52): warning C4244: '=': conversion from '_Ty' to 'uint8_t', possible loss of data
D:\Development\Visual Studio Projects\C++\Self-Solving Maze\aStarPathFinding.cpp(139,52): warning C4244:         with
D:\Development\Visual Studio Projects\C++\Self-Solving Maze\aStarPathFinding.cpp(139,52): warning C4244:         [
D:\Development\Visual Studio Projects\C++\Self-Solving Maze\aStarPathFinding.cpp(139,52): warning C4244:             _Ty=uint16_t
D:\Development\Visual Studio Projects\C++\Self-Solving Maze\aStarPathFinding.cpp(139,52): warning C4244:         ]
D:\Development\Visual Studio Projects\C++\Self-Solving Maze\aStarPathFinding.cpp(141,36): warning C4101: 'e': unreferenced local variable
  Self-Solving Maze.vcxproj -> D:\Development\Visual Studio Projects\C++\Self-Solving Maze\x64\Debug\Self-Solving Maze.exe
